
**** 12/21/20 15:01:50 *********** Evaluation PSpice (Nov 1999) **************

 * C:\Users\PREZENS\Desktop\CSE250\Lab 3\Schematic2.sch


 ****     CIRCUIT DESCRIPTION


******************************************************************************




* Schematics Version 9.1 - Web Update 1
* Mon Dec 21 15:01:50 2020



** Analysis setup **
.OP 


* From [PSPICE NETLIST] section of pspiceev.ini:
.lib "nom.lib"

.INC "Schematic2.net"

**** INCLUDING Schematic2.net ****
* Schematics Netlist *



V_V1         $N_0001 0 15V
R_R1         0 $N_0001  5k  
R_R2         0 $N_0001  5.5k  
R_R3         0 $N_0001  1.5k  

**** RESUMING Schematic2.cir ****
.INC "Schematic2.als"



**** INCLUDING Schematic2.als ****
* Schematics Aliases *

.ALIASES
V_V1            V1(+=$N_0001 -=0 )
R_R1            R1(1=0 2=$N_0001 )
R_R2            R2(1=0 2=$N_0001 )
R_R3            R3(1=0 2=$N_0001 )
.ENDALIASES


**** RESUMING Schematic2.cir ****
.probe


.END

**** 12/21/20 15:01:50 *********** Evaluation PSpice (Nov 1999) **************

 * C:\Users\PREZENS\Desktop\CSE250\Lab 3\Schematic2.sch


 ****     SMALL SIGNAL BIAS SOLUTION       TEMPERATURE =   27.000 DEG C


******************************************************************************



 NODE   VOLTAGE     NODE   VOLTAGE     NODE   VOLTAGE     NODE   VOLTAGE


($N_0001)   15.0000                   




    VOLTAGE SOURCE CURRENTS
    NAME         CURRENT

    V_V1        -1.573E-02

    TOTAL POWER DISSIPATION   2.36E-01  WATTS


**** 12/21/20 15:01:50 *********** Evaluation PSpice (Nov 1999) **************

 * C:\Users\PREZENS\Desktop\CSE250\Lab 3\Schematic2.sch


 ****     OPERATING POINT INFORMATION      TEMPERATURE =   27.000 DEG C


******************************************************************************





          JOB CONCLUDED

          TOTAL JOB TIME             .08
